Using pre-set license
Built from '2020.3/staging' branch; Version is '2020.3.9f1 (108be757e447) revision 1084391'; Using compiler version '192528614'; Build Type 'Release'
OS: 'Windows 7  (6.1.0) 64bit' Language: 'pl' Physical Memory: 6143 MB
BatchMode: 1, IsHumanControllingUs: 0, StartBugReporterOnCrash: 0, Is64bit: 1, IsPro: 0

 COMMAND LINE ARGUMENTS:
E:\2020.3.9f1\Editor\Unity.exe
-adb2
-batchMode
-noUpm
-name
AssetImportWorker0
-projectPath
E:/game/new labiryth
-logFile
Logs/AssetImportWorker0.log
-srvPort
54570
Successfully changed project path to: E:/game/new labiryth
E:/game/new labiryth
Using Asset Import Pipeline V2.
Refreshing native plugins compatible for Editor in 56.05 ms, found 0 plugins.
Preloading 0 native plugins for Editor in 0.00 ms.
Initialize engine version: 2020.3.9f1 (108be757e447)
[Subsystems] Discovering subsystems at path E:/2020.3.9f1/Editor/Data/Resources/UnitySubsystems
[Subsystems] Discovering subsystems at path E:/game/new labiryth/Assets
GfxDevice: creating device client; threaded=0
d3d11: CreateDXGIFactory2(...) not found, fallbacking to CreateDXGIFactory1(...).
d3d11: QueryInterface(IDXGIFactory5) failed (80004002).
Direct3D:
    Version:  Direct3D 11.0 [level 10.0]
    Renderer: NVIDIA GeForce 9600 GT (ID=0x622)
    Vendor:   
    VRAM:     1898 MB
    Driver:   21.21.13.4201
Could not load symbol clCreateImage : Nie można odnaleźć określonej procedury.


Could not load symbol clEnqueueFillBuffer : Nie można odnaleźć określonej procedury.


Could not load symbol clEnqueueFillImage : Nie można odnaleźć określonej procedury.


Could not load symbol clEnqueueMarkerWithWaitList : Nie można odnaleźć określonej procedury.


Could not load symbol clGetExtensionFunctionAddressForPlatform : Nie można odnaleźć określonej procedury.


Could not load symbol clUnloadPlatformCompiler : Nie można odnaleźć określonej procedury.


Could not load symbol clCreateFromGLTexture : Nie można odnaleźć określonej procedury.


Initialize mono
Mono path[0] = 'E:/2020.3.9f1/Editor/Data/Managed'
Mono path[1] = 'E:/2020.3.9f1/Editor/Data/MonoBleedingEdge/lib/mono/unityjit'
Mono config path = 'E:/2020.3.9f1/Editor/Data/MonoBleedingEdge/etc'
Using monoOptions --debugger-agent=transport=dt_socket,embedding=1,server=y,suspend=n,address=127.0.0.1:56712
Begin MonoManager ReloadAssembly
Registering precompiled unity dll's ...
Register platform support module: E:/2020.3.9f1/Editor/Data/PlaybackEngines/WebGLSupport/UnityEditor.WebGL.Extensions.dll
Register platform support module: E:/2020.3.9f1/Editor/Data/PlaybackEngines/WindowsStandaloneSupport/UnityEditor.WindowsStandalone.Extensions.dll
Registered in 0.002296 seconds.
Native extension for WindowsStandalone target not found
Native extension for WebGL target not found
Refreshing native plugins compatible for Editor in 48.92 ms, found 0 plugins.
Preloading 0 native plugins for Editor in 0.00 ms.
Mono: successfully reloaded assembly
- Completed reload, in  3.285 seconds
Platform modules already initialized, skipping
Registering precompiled user dll's ...
Registered in 0.000864 seconds.
Begin MonoManager ReloadAssembly
Native extension for WindowsStandalone target not found
Native extension for WebGL target not found
Refreshing native plugins compatible for Editor in 0.60 ms, found 0 plugins.
Preloading 0 native plugins for Editor in 0.00 ms.
Mono: successfully reloaded assembly
- Completed reload, in  2.176 seconds
Platform modules already initialized, skipping
========================================================================
Worker process is ready to serve import requests
Launched and connected shader compiler UnityShaderCompiler.exe after 0.06 seconds
Refreshing native plugins compatible for Editor in 0.76 ms, found 0 plugins.
Preloading 0 native plugins for Editor in 0.00 ms.
Unloading 1131 Unused Serialized files (Serialized files now loaded: 0)
System memory in use before: 57.8 MB.
System memory in use after: 57.9 MB.

Unloading 10 unused Assets to reduce memory usage. Loaded Objects now: 1572.
Total: 101.548391 ms (FindLiveObjects: 1.811349 ms CreateObjectMapping: 0.126143 ms MarkObjects: 99.456459 ms  DeleteObjects: 0.150008 ms)

========================================================================
Received Import Request.
  path: Assets/Prefabs/Ground normal.prefab
  artifactKey: Guid(e3fefbdf48120374fbeec4e1ce030cdc) Importer(815301076,1909f56bfc062723c751e8b465ee728b)
Start importing Assets/Prefabs/Ground normal.prefab using Guid(e3fefbdf48120374fbeec4e1ce030cdc) Importer(815301076,1909f56bfc062723c751e8b465ee728b)  -> (artifact id: 'd4125c09b2153b2981f9abf08affac57') in 0.307435 seconds
  Import took 0.311793 seconds .

========================================================================
Received Import Request.
  Time since last request: 0.000542 seconds.
  path: Assets/Prefabs/Ground slow.prefab
  artifactKey: Guid(2ae5aa68386f28547a3501c81ebafe13) Importer(815301076,1909f56bfc062723c751e8b465ee728b)
Start importing Assets/Prefabs/Ground slow.prefab using Guid(2ae5aa68386f28547a3501c81ebafe13) Importer(815301076,1909f56bfc062723c751e8b465ee728b)  -> (artifact id: 'a6846e547095ce4d36f8b4a5df3a08c3') in 0.040540 seconds
  Import took 0.046395 seconds .

========================================================================
Received Import Request.
  Time since last request: 50.060626 seconds.
  path: Assets/Prefabs/Ground fast.prefab
  artifactKey: Guid(209ad2b885aec9c46aad44ede86d00e0) Importer(815301076,1909f56bfc062723c751e8b465ee728b)
Start importing Assets/Prefabs/Ground fast.prefab using Guid(209ad2b885aec9c46aad44ede86d00e0) Importer(815301076,1909f56bfc062723c751e8b465ee728b)  -> (artifact id: 'f2c3142aab96983cd2b37ff3e5556742') in 0.022476 seconds
  Import took 0.027071 seconds .

========================================================================
Received Import Request.
  Time since last request: 0.052436 seconds.
  path: Assets/Prefabs/Ground fast.prefab
  artifactKey: Guid(209ad2b885aec9c46aad44ede86d00e0) Importer(815301076,1909f56bfc062723c751e8b465ee728b)
Start importing Assets/Prefabs/Ground fast.prefab using Guid(209ad2b885aec9c46aad44ede86d00e0) Importer(815301076,1909f56bfc062723c751e8b465ee728b)  -> (artifact id: 'f2c3142aab96983cd2b37ff3e5556742') in 0.065403 seconds
  Import took 0.078093 seconds .

========================================================================
Received Import Request.
  Time since last request: 1.897041 seconds.
  path: Assets/Prefabs/Ground fast.prefab
  artifactKey: Guid(209ad2b885aec9c46aad44ede86d00e0) Importer(815301076,1909f56bfc062723c751e8b465ee728b)
Start importing Assets/Prefabs/Ground fast.prefab using Guid(209ad2b885aec9c46aad44ede86d00e0) Importer(815301076,1909f56bfc062723c751e8b465ee728b)  -> (artifact id: 'ed2983eef90b1e495060157558887934') in 0.027477 seconds
  Import took 0.032989 seconds .

========================================================================
Received Import Request.
  Time since last request: 357.402685 seconds.
  path: Assets/Prefabs/Wall.prefab
  artifactKey: Guid(c01a1c3dccb59d44aa19811c182e89e9) Importer(815301076,1909f56bfc062723c751e8b465ee728b)
Start importing Assets/Prefabs/Wall.prefab using Guid(c01a1c3dccb59d44aa19811c182e89e9) Importer(815301076,1909f56bfc062723c751e8b465ee728b)  -> (artifact id: '66ec02b38ea21bec28443dc538d4dbe3') in 0.022974 seconds
  Import took 0.027226 seconds .

========================================================================
Received Import Request.
  Time since last request: 0.156214 seconds.
  path: Assets/Prefabs/Wall.prefab
  artifactKey: Guid(c01a1c3dccb59d44aa19811c182e89e9) Importer(815301076,1909f56bfc062723c751e8b465ee728b)
Start importing Assets/Prefabs/Wall.prefab using Guid(c01a1c3dccb59d44aa19811c182e89e9) Importer(815301076,1909f56bfc062723c751e8b465ee728b)  -> (artifact id: '66ec02b38ea21bec28443dc538d4dbe3') in 0.058665 seconds
  Import took 0.065653 seconds .

========================================================================
Received Import Request.
  Time since last request: 249.934855 seconds.
  path: Assets/scripts/ColorToPrefab.cs
  artifactKey: Guid(7035aaade174e564aa708aa0d609c33f) Importer(815301076,1909f56bfc062723c751e8b465ee728b)
Start importing Assets/scripts/ColorToPrefab.cs using Guid(7035aaade174e564aa708aa0d609c33f) Importer(815301076,1909f56bfc062723c751e8b465ee728b)  -> (artifact id: '978e9ded0ebdf5cfe11a404777d64faf') in 0.023021 seconds
  Import took 0.054286 seconds .

========================================================================
Received Import Request.
  Time since last request: 0.076299 seconds.
  path: Assets/scripts/ColorToPrefab.cs
  artifactKey: Guid(7035aaade174e564aa708aa0d609c33f) Importer(815301076,1909f56bfc062723c751e8b465ee728b)
Start importing Assets/scripts/ColorToPrefab.cs using Guid(7035aaade174e564aa708aa0d609c33f) Importer(815301076,1909f56bfc062723c751e8b465ee728b)  -> (artifact id: '978e9ded0ebdf5cfe11a404777d64faf') in 0.005810 seconds
  Import took 0.074550 seconds .

========================================================================
Received Import Request.
  Time since last request: 186.383758 seconds.
  path: Assets/scripts/ColorToPrefab.cs
  artifactKey: Guid(7035aaade174e564aa708aa0d609c33f) Importer(815301076,1909f56bfc062723c751e8b465ee728b)
Start importing Assets/scripts/ColorToPrefab.cs using Guid(7035aaade174e564aa708aa0d609c33f) Importer(815301076,1909f56bfc062723c751e8b465ee728b)  -> (artifact id: 'e0f6539013df69995e0d298651bc4afc') in 0.005917 seconds
  Import took 0.018839 seconds .

========================================================================
Received Prepare
Registering precompiled user dll's ...
Registered in 0.001102 seconds.
Begin MonoManager ReloadAssembly
Native extension for WindowsStandalone target not found
Native extension for WebGL target not found
Refreshing native plugins compatible for Editor in 1.87 ms, found 0 plugins.
Preloading 0 native plugins for Editor in 0.00 ms.
Mono: successfully reloaded assembly
- Completed reload, in  7.889 seconds
Platform modules already initialized, skipping
Refreshing native plugins compatible for Editor in 0.43 ms, found 0 plugins.
Preloading 0 native plugins for Editor in 0.00 ms.
Unloading 1126 Unused Serialized files (Serialized files now loaded: 0)
System memory in use before: 60.8 MB.
System memory in use after: 60.9 MB.

Unloading 6 unused Assets to reduce memory usage. Loaded Objects now: 1585.
Total: 11.965540 ms (FindLiveObjects: 1.060285 ms CreateObjectMapping: 3.468599 ms MarkObjects: 7.296876 ms  DeleteObjects: 0.135689 ms)

========================================================================
Received Import Request.
  Time since last request: 46.854487 seconds.
  path: Assets/scripts/LeverGenerator.cs
  artifactKey: Guid(c3aebbfcb46ecbb4488659f513b58f22) Importer(815301076,1909f56bfc062723c751e8b465ee728b)
Start importing Assets/scripts/LeverGenerator.cs using Guid(c3aebbfcb46ecbb4488659f513b58f22) Importer(815301076,1909f56bfc062723c751e8b465ee728b)  -> (artifact id: '5f245ef83b6cd41ca24b0f4e395acd93') in 0.011025 seconds
  Import took 0.014686 seconds .

========================================================================
Received Import Request.
  Time since last request: 3.956280 seconds.
  path: Assets/scripts/Locker.cs
  artifactKey: Guid(d977844fc0b856b4fa384701efabf52d) Importer(815301076,1909f56bfc062723c751e8b465ee728b)
Start importing Assets/scripts/Locker.cs using Guid(d977844fc0b856b4fa384701efabf52d) Importer(815301076,1909f56bfc062723c751e8b465ee728b)  -> (artifact id: 'd00d856d465982bdb4413819d30f8585') in 0.003163 seconds
  Import took 0.007837 seconds .

========================================================================
Received Import Request.
  Time since last request: 0.169401 seconds.
  path: Assets/scripts/Locker.cs
  artifactKey: Guid(d977844fc0b856b4fa384701efabf52d) Importer(815301076,1909f56bfc062723c751e8b465ee728b)
Start importing Assets/scripts/Locker.cs using Guid(d977844fc0b856b4fa384701efabf52d) Importer(815301076,1909f56bfc062723c751e8b465ee728b)  -> (artifact id: 'd00d856d465982bdb4413819d30f8585') in 0.003140 seconds
  Import took 0.010172 seconds .

========================================================================
Received Prepare
Registering precompiled user dll's ...
Registered in 0.001126 seconds.
Begin MonoManager ReloadAssembly
Native extension for WindowsStandalone target not found
Native extension for WebGL target not found
Refreshing native plugins compatible for Editor in 0.42 ms, found 0 plugins.
Preloading 0 native plugins for Editor in 0.00 ms.
Mono: successfully reloaded assembly
- Completed reload, in  2.249 seconds
Platform modules already initialized, skipping
Refreshing native plugins compatible for Editor in 1.08 ms, found 0 plugins.
Preloading 0 native plugins for Editor in 0.00 ms.
Unloading 1127 Unused Serialized files (Serialized files now loaded: 0)
System memory in use before: 60.9 MB.
System memory in use after: 60.9 MB.

Unloading 5 unused Assets to reduce memory usage. Loaded Objects now: 1589.
Total: 4.097269 ms (FindLiveObjects: 0.517187 ms CreateObjectMapping: 0.089664 ms MarkObjects: 3.378594 ms  DeleteObjects: 0.109097 ms)

========================================================================
Received Prepare
Registering precompiled user dll's ...
Registered in 0.001097 seconds.
Begin MonoManager ReloadAssembly
Native extension for WindowsStandalone target not found
Native extension for WebGL target not found
Refreshing native plugins compatible for Editor in 0.49 ms, found 0 plugins.
Preloading 0 native plugins for Editor in 0.00 ms.
Mono: successfully reloaded assembly
- Completed reload, in  3.683 seconds
Platform modules already initialized, skipping
Refreshing native plugins compatible for Editor in 0.53 ms, found 0 plugins.
Preloading 0 native plugins for Editor in 0.00 ms.
Unloading 1127 Unused Serialized files (Serialized files now loaded: 0)
System memory in use before: 60.9 MB.
System memory in use after: 61.0 MB.

Unloading 5 unused Assets to reduce memory usage. Loaded Objects now: 1592.
Total: 10.242833 ms (FindLiveObjects: 0.431955 ms CreateObjectMapping: 0.097846 ms MarkObjects: 9.527566 ms  DeleteObjects: 0.181714 ms)

========================================================================
Received Import Request.
  Time since last request: 4262.458153 seconds.
  path: Assets/Shaders
  artifactKey: Guid(6c277fb0d5a344e42a1c978a861154df) Importer(815301076,1909f56bfc062723c751e8b465ee728b)
Start importing Assets/Shaders using Guid(6c277fb0d5a344e42a1c978a861154df) Importer(815301076,1909f56bfc062723c751e8b465ee728b)  -> (artifact id: '92b98c813c48b31d37eeb6de0acf6df9') in 0.008168 seconds
  Import took 0.023841 seconds .

========================================================================
Received Import Request.
  Time since last request: 0.030944 seconds.
  path: Assets/Shaders
  artifactKey: Guid(6c277fb0d5a344e42a1c978a861154df) Importer(815301076,1909f56bfc062723c751e8b465ee728b)
Start importing Assets/Shaders using Guid(6c277fb0d5a344e42a1c978a861154df) Importer(815301076,1909f56bfc062723c751e8b465ee728b)  -> (artifact id: '92b98c813c48b31d37eeb6de0acf6df9') in 0.008774 seconds
  Import took 0.033739 seconds .

========================================================================
Received Import Request.
  Time since last request: 5.976046 seconds.
  path: Assets/Shaders/maps
  artifactKey: Guid(a318f2c389bd9c24794e17a25a9882ec) Importer(815301076,1909f56bfc062723c751e8b465ee728b)
Start importing Assets/Shaders/maps using Guid(a318f2c389bd9c24794e17a25a9882ec) Importer(815301076,1909f56bfc062723c751e8b465ee728b)  -> (artifact id: 'a18b8266835112e6c8a89dc764ae05f9') in 0.004470 seconds
  Import took 0.009172 seconds .

========================================================================
Received Import Request.
  Time since last request: 22.551027 seconds.
  path: Assets/Shaders/maps/New Piskel.png
  artifactKey: Guid(180ce2ba1bdc81a4b8abb351d7b16819) Importer(815301076,1909f56bfc062723c751e8b465ee728b)
Start importing Assets/Shaders/maps/New Piskel.png using Guid(180ce2ba1bdc81a4b8abb351d7b16819) Importer(815301076,1909f56bfc062723c751e8b465ee728b)  -> (artifact id: '617c5f4c32a69cc97cbb1ba9fd2d7158') in 0.268065 seconds
  Import took 0.288870 seconds .

AssetImportWorkerClient::OnTransportError - code=2 error=End of file
